Tue May 08 2018 10:49:03 GMT-0300 (-03): POST /users/
Tue May 08 2018 10:50:16 GMT-0300 (-03): GET /users/me
Tue May 08 2018 10:51:07 GMT-0300 (-03): GET /users/me
Tue May 08 2018 10:54:05 GMT-0300 (-03): GET /users/me
Tue May 08 2018 10:54:53 GMT-0300 (-03): GET /users/me
Tue May 08 2018 11:28:31 GMT-0300 (-03): GET /
Tue May 08 2018 11:28:37 GMT-0300 (-03): GET /users/me
Tue May 08 2018 12:01:58 GMT-0300 (-03): GET /users/me
Tue May 08 2018 12:02:03 GMT-0300 (-03): GET /users/me
Tue May 08 2018 12:02:14 GMT-0300 (-03): GET /users/me
Tue May 08 2018 12:02:14 GMT-0300 (-03): GET /users/me
Tue May 08 2018 12:02:16 GMT-0300 (-03): GET /users/me
Tue May 08 2018 12:02:16 GMT-0300 (-03): GET /users/me
Tue May 08 2018 12:02:17 GMT-0300 (-03): GET /users/me
Tue May 08 2018 12:02:18 GMT-0300 (-03): GET /users/me
Tue May 08 2018 12:02:49 GMT-0300 (-03): GET /users/me
Tue May 08 2018 12:02:53 GMT-0300 (-03): GET /users/me
Tue May 08 2018 12:02:55 GMT-0300 (-03): GET /users/me
Tue May 08 2018 12:02:56 GMT-0300 (-03): GET /users/me
Tue May 08 2018 12:02:56 GMT-0300 (-03): GET /users/me
Tue May 08 2018 12:02:56 GMT-0300 (-03): GET /users/me
Tue May 08 2018 12:02:56 GMT-0300 (-03): GET /users/me
Tue May 08 2018 12:02:57 GMT-0300 (-03): GET /users/me
Tue May 08 2018 12:02:57 GMT-0300 (-03): GET /users/me
Tue May 08 2018 12:02:58 GMT-0300 (-03): GET /users/me
Tue May 08 2018 12:02:58 GMT-0300 (-03): GET /users/me
Tue May 08 2018 12:03:23 GMT-0300 (-03): GET /users/me
Tue May 08 2018 12:03:26 GMT-0300 (-03): GET /users/me
Tue May 08 2018 12:03:26 GMT-0300 (-03): GET /users/me
Tue May 08 2018 12:03:27 GMT-0300 (-03): GET /users/me
Tue May 08 2018 12:03:27 GMT-0300 (-03): GET /users/me
Tue May 08 2018 12:03:27 GMT-0300 (-03): GET /users/me
Tue May 08 2018 12:03:27 GMT-0300 (-03): GET /users/me
Tue May 08 2018 12:03:28 GMT-0300 (-03): GET /users/me
Tue May 08 2018 12:03:28 GMT-0300 (-03): GET /users/me
Tue May 08 2018 12:03:29 GMT-0300 (-03): GET /users/me
Tue May 08 2018 12:03:29 GMT-0300 (-03): GET /users/me
Tue May 08 2018 12:03:29 GMT-0300 (-03): GET /users/me
Tue May 08 2018 12:03:30 GMT-0300 (-03): GET /users/me
Tue May 08 2018 12:03:30 GMT-0300 (-03): GET /users/me
Tue May 08 2018 12:03:31 GMT-0300 (-03): GET /users/me
Tue May 08 2018 12:03:31 GMT-0300 (-03): GET /users/me
Tue May 08 2018 12:03:31 GMT-0300 (-03): GET /users/me
Tue May 08 2018 12:03:32 GMT-0300 (-03): GET /users/me
Tue May 08 2018 12:03:32 GMT-0300 (-03): GET /users/me
Tue May 08 2018 12:03:32 GMT-0300 (-03): GET /users/me
Tue May 08 2018 12:05:54 GMT-0300 (-03): GET /users/me
Fri May 11 2018 10:48:13 GMT-0300 (-03): GET /
Fri May 11 2018 10:48:13 GMT-0300 (-03): GET /favicon.ico
Fri May 11 2018 10:52:51 GMT-0300 (-03): GET /
Fri May 11 2018 11:04:18 GMT-0300 (-03): GET /
Fri May 11 2018 11:04:40 GMT-0300 (-03): GET /
Fri May 11 2018 11:06:25 GMT-0300 (-03): GET /
Fri May 11 2018 11:07:41 GMT-0300 (-03): GET /
Fri May 11 2018 11:07:43 GMT-0300 (-03): GET /
Fri May 11 2018 11:07:44 GMT-0300 (-03): GET /
Fri May 11 2018 11:07:44 GMT-0300 (-03): GET /
Fri May 11 2018 11:07:44 GMT-0300 (-03): GET /
Fri May 11 2018 11:07:44 GMT-0300 (-03): GET /
Fri May 11 2018 11:09:07 GMT-0300 (-03): GET /projects
Fri May 11 2018 11:11:04 GMT-0300 (-03): GET /projects
Fri May 11 2018 12:20:54 GMT-0300 (-03): GET /
Fri May 11 2018 12:21:34 GMT-0300 (-03): GET /
Fri May 11 2018 12:22:04 GMT-0300 (-03): GET /
Fri May 11 2018 12:22:04 GMT-0300 (-03): GET /favicon.ico
Fri May 11 2018 12:22:09 GMT-0300 (-03): GET /
Fri May 11 2018 12:22:09 GMT-0300 (-03): GET /favicon.ico
Fri May 11 2018 12:22:09 GMT-0300 (-03): GET /
Fri May 11 2018 12:22:09 GMT-0300 (-03): GET /favicon.ico
Fri May 11 2018 12:22:09 GMT-0300 (-03): GET /
Fri May 11 2018 12:22:10 GMT-0300 (-03): GET /favicon.ico
Fri May 11 2018 12:22:38 GMT-0300 (-03): GET /
Fri May 11 2018 12:22:38 GMT-0300 (-03): GET /favicon.ico
Fri May 11 2018 12:22:45 GMT-0300 (-03): GET /
Fri May 11 2018 12:22:45 GMT-0300 (-03): GET /favicon.ico
Fri May 11 2018 12:22:50 GMT-0300 (-03): GET /
Fri May 11 2018 12:23:37 GMT-0300 (-03): GET /
Fri May 11 2018 12:23:38 GMT-0300 (-03): GET /
Fri May 11 2018 12:23:38 GMT-0300 (-03): GET /
Fri May 11 2018 12:23:38 GMT-0300 (-03): GET /
Fri May 11 2018 12:23:39 GMT-0300 (-03): GET /
Fri May 11 2018 12:23:39 GMT-0300 (-03): GET /
Fri May 11 2018 12:23:39 GMT-0300 (-03): GET /
Fri May 11 2018 12:23:39 GMT-0300 (-03): GET /
Fri May 11 2018 12:23:40 GMT-0300 (-03): GET /
Fri May 11 2018 12:24:03 GMT-0300 (-03): GET /
Fri May 11 2018 12:24:32 GMT-0300 (-03): GET /
Fri May 11 2018 12:24:32 GMT-0300 (-03): GET /favicon.ico
Fri May 11 2018 12:24:35 GMT-0300 (-03): GET /
Fri May 11 2018 12:24:35 GMT-0300 (-03): GET /favicon.ico
Fri May 11 2018 12:24:52 GMT-0300 (-03): GET /
Fri May 11 2018 12:24:52 GMT-0300 (-03): GET /favicon.ico
Fri May 11 2018 12:24:52 GMT-0300 (-03): GET /
Fri May 11 2018 12:24:53 GMT-0300 (-03): GET /favicon.ico
Fri May 11 2018 12:24:53 GMT-0300 (-03): GET /
Fri May 11 2018 12:24:53 GMT-0300 (-03): GET /favicon.ico
Fri May 11 2018 12:25:16 GMT-0300 (-03): GET /
Fri May 11 2018 12:25:16 GMT-0300 (-03): GET /favicon.ico
Fri May 11 2018 12:25:17 GMT-0300 (-03): GET /
Fri May 11 2018 12:25:17 GMT-0300 (-03): GET /favicon.ico
Fri May 11 2018 12:25:17 GMT-0300 (-03): GET /
Fri May 11 2018 12:25:17 GMT-0300 (-03): GET /favicon.ico
Fri May 11 2018 12:25:17 GMT-0300 (-03): GET /
Fri May 11 2018 12:25:17 GMT-0300 (-03): GET /favicon.ico
Fri May 11 2018 12:25:18 GMT-0300 (-03): GET /
Fri May 11 2018 12:25:18 GMT-0300 (-03): GET /favicon.ico
Fri May 11 2018 12:25:18 GMT-0300 (-03): GET /
Fri May 11 2018 12:25:18 GMT-0300 (-03): GET /favicon.ico
Fri May 11 2018 12:25:18 GMT-0300 (-03): GET /
Fri May 11 2018 12:25:18 GMT-0300 (-03): GET /favicon.ico
Fri May 11 2018 12:25:55 GMT-0300 (-03): GET /
Fri May 11 2018 12:25:55 GMT-0300 (-03): GET /favicon.ico
Fri May 11 2018 14:14:27 GMT-0300 (-03): GET /
Fri May 11 2018 14:14:59 GMT-0300 (-03): GET /
Fri May 11 2018 14:15:22 GMT-0300 (-03): GET /
Fri May 11 2018 14:16:41 GMT-0300 (-03): GET /
Fri May 11 2018 14:16:42 GMT-0300 (-03): GET /
Fri May 11 2018 14:16:42 GMT-0300 (-03): GET /
Fri May 11 2018 14:16:42 GMT-0300 (-03): GET /
Fri May 11 2018 14:16:42 GMT-0300 (-03): GET /
Fri May 11 2018 14:16:54 GMT-0300 (-03): GET /
Fri May 11 2018 14:17:20 GMT-0300 (-03): GET /
Fri May 11 2018 14:17:20 GMT-0300 (-03): GET /favicon.ico
Fri May 11 2018 14:17:44 GMT-0300 (-03): GET /
Fri May 11 2018 14:17:44 GMT-0300 (-03): GET /favicon.ico
Fri May 11 2018 14:17:56 GMT-0300 (-03): GET /
Fri May 11 2018 14:17:56 GMT-0300 (-03): GET /favicon.ico
Fri May 11 2018 18:22:41 GMT-0300 (-03): GET /projects
Fri May 11 2018 18:23:11 GMT-0300 (-03): GET /projects
Fri May 11 2018 18:23:17 GMT-0300 (-03): GET /projects/5af11057f7cb6970e9dfefaa
Fri May 11 2018 18:27:12 GMT-0300 (-03): POST /users/login
Fri May 11 2018 18:27:54 GMT-0300 (-03): PATCH /projects/5adfe95d3a49cb56a269b197/favor
Fri May 11 2018 18:30:26 GMT-0300 (-03): GET /
Fri May 11 2018 18:40:23 GMT-0300 (-03): GET /projects
Fri May 11 2018 18:45:12 GMT-0300 (-03): GET /projects
Wed Jun 06 2018 10:40:03 GMT-0300 (-03): POST /user
Wed Jun 06 2018 10:40:15 GMT-0300 (-03): POST /users
Wed Jun 06 2018 10:44:19 GMT-0300 (-03): POST /users
Wed Jun 06 2018 10:44:21 GMT-0300 (-03): POST /users
Wed Jun 06 2018 10:45:00 GMT-0300 (-03): POST /users
Wed Jun 06 2018 10:50:00 GMT-0300 (-03): POST /users
Wed Jun 06 2018 10:50:08 GMT-0300 (-03): POST /users
Wed Jun 06 2018 10:50:52 GMT-0300 (-03): POST /users
Wed Jun 06 2018 10:50:55 GMT-0300 (-03): POST /users
Wed Jun 06 2018 10:58:31 GMT-0300 (-03): POST /users
Wed Jun 06 2018 11:00:12 GMT-0300 (-03): POST /users
Wed Jun 06 2018 11:01:04 GMT-0300 (-03): POST /users
Wed Jun 06 2018 11:01:27 GMT-0300 (-03): POST /users
Wed Jun 06 2018 11:01:54 GMT-0300 (-03): POST /users
Wed Jun 06 2018 11:03:36 GMT-0300 (-03): POST /users
Fri Jun 08 2018 09:30:50 GMT-0300 (-03): POST /users
Fri Jun 08 2018 09:31:39 GMT-0300 (-03): POST /users
Fri Jun 08 2018 09:34:18 GMT-0300 (-03): POST /users
Fri Jun 08 2018 09:35:34 GMT-0300 (-03): POST /users
Fri Jun 08 2018 09:35:51 GMT-0300 (-03): POST /users
Fri Jun 08 2018 09:40:17 GMT-0300 (-03): POST /users
Fri Jun 08 2018 09:40:21 GMT-0300 (-03): POST /users
Fri Jun 08 2018 09:40:32 GMT-0300 (-03): POST /users
Fri Jun 08 2018 09:41:12 GMT-0300 (-03): POST /users
Fri Jun 08 2018 18:47:31 GMT-0300 (-03): PATCH /projects/5b1af899dc7db82e78d7457b%20/favor
Fri Jun 08 2018 18:51:06 GMT-0300 (-03): PATCH /projects/5b1af899dc7db82e78d7457b/against
Fri Jun 08 2018 18:53:12 GMT-0300 (-03): PATCH /projects/5b1af899dc7db82e78d7457b/favor
